female/RFPT-WW13-20111126214502-240-60-KR8.wav
female/RFPT-WW17-20111118233002-780-60-KR4.wav
female/RFPT-WWMB-20111111223002-180-60-KR3.wav
female/RFPT-WW17-20111111220002-0-60-KR4.wav
female/RFPT-WWMB-20111208230002-240-60-KR3.wav
female/RFPT-WW17-20111118233002-720-60-KR4.wav
female/RFPT-WWMB-20111111214502-780-60-KR3.wav
female/RFPT-WWMB-20111114010001-300-60-KR3.wav
female/RFPT-WWMB-20120106230002-600-60-KR3.wav
female/RFPT-WW13-20111127000002-180-60-KR8.wav
female/RFPT-LPC-20111225231502-60-60-KR7.wav
female/RFPT-WW17-20111114001502-480-60-KR4.wav
female/RFPT-WW13-20111211221502-840-60-KR8.wav
female/RFPT-WWMB-20111126223002-600-60-KR3.wav
female/RFPT-WWMB-20111111213002-840-60-KR3.wav
female/RFPT-LPA-20111126214502-240-60-KR6.wav
female/RFPT-WWMB-20111129221502-600-60-KR3.wav
female/RFPT-WW17-20111114010001-360-60-KR4.wav
female/RFPT-WW17-20111111214502-840-60-KR4.wav
female/RFPT-LPA-20111223234502-780-60-KR6.wav
female/RFPT-WW17-20111111214502-600-60-KR4.wav
female/RFPT-WWMB-20111201214502-660-60-KR3.wav
female/RFPT-LPC-20111208230002-240-60-KR7.wav
female/RFPT-WW17-20111114003002-180-60-KR4.wav
female/RFPT-WWMB-20120106230002-540-60-KR3.wav
female/RFPT-WWMB-20111126214502-240-60-KR3.wav
female/RFPT-WWMB-20111129223002-180-60-KR3.wav
female/RFPT-LPA-20111211223002-720-60-KR6.wav
female/RFPT-XA1-20120124050001-0-60-KR1.wav
female/RFPT-WWMB-20111114234501-300-60-KR3.wav
female/RFPT-LPA-20111126223002-600-60-KR6.wav
female/RFPT-WWMB-20111114003001-120-60-KR3.wav
female/RFPT-WWMB-20111118233002-660-60-KR3.wav
female/RFPT-WW17-20111111214502-0-60-KR4.wav
male/RFPT-LPA-20111219000002-360-60-KR6.wav
