female/RFPT-WWMB-20111126223002-540-60-KR3.wav
female/RFPT-WWMB-20111111220002-360-60-KR3.wav
female/RFPT-WW17-20111114001502-420-60-KR4.wav
female/RFPT-WWMB-20111223234502-720-60-KR3.wav
female/RFPT-WW17-20111215220002-180-60-KR5.wav
female/RFPT-WW13-20111221221502-540-60-KR8.wav
female/RFPT-WWMB-20111127000002-180-60-KR3.wav
female/RFPT-LPC-20111119204503-240-60-KR7.wav
female/RFPT-LPA-20111221233002-660-60-KR6.wav
female/RFPT-WW17-20111113213002-420-60-KR4.wav
female/RFPT-WW17-20111211221502-780-60-KR5.wav
female/RFPT-WW17-20111109011501-780-60-KR4.wav
female/RFPT-WWMB-20111111220002-420-60-KR3.wav
female/RFPT-LPC-20111211223002-720-60-KR7.wav
female/RFPT-WWMB-20111221233002-600-60-KR3.wav
female/RFPT-LPA-20111221221502-540-60-KR6.wav
female/RFPT-WWMB-20111126214502-180-60-KR3.wav
female/RFPT-WWMB-20111109011501-720-60-KR3.wav
female/RFPT-WWMB-20111111213002-780-60-KR3.wav
female/RFPT-WWMB-20111113231502-60-60-KR3.wav
female/RFPT-LPA-20111219000002-300-60-KR6.wav
female/RFPT-WW17-20111107204502-120-60-KR4.wav
female/RFPT-WW17-20111113231502-120-60-KR4.wav
female/RFPT-LPA-20111211221502-840-60-KR6.wav
female/RFPT-WW17-20111111220002-480-60-KR4.wav
female/RFPT-LPC-20111208214502-0-60-KR7.wav
male/RFPT-LPA-20111221233002-660-60-KR6.wav
male/RFPT-LPA-20111221221502-540-60-KR6.wav
male/RFPT-LPA-20111219000002-300-60-KR6.wav
female/RFPT-LPC-20111210001502-600-60-KR7